Using launch settings from Aktavara.WorkflowIntelligence.Api\Properties\launchSettings.json...
Building...
info: Microsoft.Hosting.Lifetime[14]
      Now listening on: http://localhost:5112
info: Microsoft.Hosting.Lifetime[0]
      Application started. Press Ctrl+C to shut down.
info: Microsoft.Hosting.Lifetime[0]
      Hosting environment: Development
info: Microsoft.Hosting.Lifetime[0]
      Content root path: C:\Users\james.watt\Documents\dev\Aktavara.WorkflowIntelligence\Aktavara.WorkflowIntelligence.Api
warn: Microsoft.AspNetCore.HttpsPolicy.HttpsRedirectionMiddleware[3]
      Failed to determine the https port for redirect.
info: Program[0]
      [Upload] Starting file upload analysis
info: Program[0]
      [Upload] File received: log20260610.txt (383739 bytes)
info: Program[0]
      [Upload] Reading file content
info: Program[0]
      [Upload] File content read: 383739 characters
info: Program[0]
      [Upload] Parsing log entries
info: Aktavara.WorkflowIntelligence.Core.Services.ActivityLogParser[0]
      Parsing activity log content
info: Aktavara.WorkflowIntelligence.Core.Services.ActivityLogParser[0]
      Parsed 180 activity log entries
info: Program[0]
      [Upload] Parsed 180 raw entries
info: Program[0]
      [Upload] Normalizing events
info: Aktavara.WorkflowIntelligence.Core.Services.ActivityEventNormalizer[0]
      Normalizing 180 raw log entries
info: Aktavara.WorkflowIntelligence.Core.Services.AktaJsonExtractor[0]
      Extracted path workspace: 0 nodes, 0 connectors, 0 edges
info: Aktavara.WorkflowIntelligence.Core.Services.AktaJsonExtractor[0]
      Extracted path workspace: 0 nodes, 0 connectors, 0 edges
info: Aktavara.WorkflowIntelligence.Core.Services.AktaJsonExtractor[0]
      Extracted path workspace: 0 nodes, 0 connectors, 0 edges
info: Aktavara.WorkflowIntelligence.Core.Services.AktaJsonExtractor[0]
      Extracted path workspace: 0 nodes, 0 connectors, 0 edges
info: Aktavara.WorkflowIntelligence.Core.Services.AktaJsonExtractor[0]
      Extracted path workspace: 0 nodes, 0 connectors, 0 edges
info: Aktavara.WorkflowIntelligence.Core.Services.AktaJsonExtractor[0]
      Extracted path workspace: 0 nodes, 0 connectors, 0 edges
info: Aktavara.WorkflowIntelligence.Core.Services.AktaJsonExtractor[0]
      Extracted path workspace: 0 nodes, 0 connectors, 0 edges
info: Aktavara.WorkflowIntelligence.Core.Services.AktaJsonExtractor[0]
      Extracted path workspace: 0 nodes, 0 connectors, 0 edges
info: Aktavara.WorkflowIntelligence.Core.Services.AktaJsonExtractor[0]
      Extracted path workspace: 0 nodes, 0 connectors, 0 edges
info: Aktavara.WorkflowIntelligence.Core.Services.AktaJsonExtractor[0]
      Extracted path workspace: 0 nodes, 0 connectors, 0 edges
info: Aktavara.WorkflowIntelligence.Core.Services.AktaJsonExtractor[0]
      Extracted path workspace: 2 nodes, 1 connectors, 0 edges
info: Aktavara.WorkflowIntelligence.Core.Services.ActivityEventNormalizer[0]
      Save records payload (Json): Full payload length: 1121 chars
info: Aktavara.WorkflowIntelligence.Core.Services.ActivityEventNormalizer[0]
      Full Save payload: {"$list":"System.Object[]","$data":[{"$id":"1","$type":"Akta.WebAPI.Model.AttributeAccessor.WriteByTransactionModeRequest","Records":{"$list":"System.Collections.Generic.List\u003CAkta.Bec.Model.Record.AktaRecord\u003E","$data":[{"$id":"2","RecordState":"Modified","Properties":{"$list":"System.Collections.Generic.List\u003CAkta.Bec.Model.Record.RecordProperty\u003E","$data":[{"$id":"3","AttributeValue":{"$type":"Akta.Json.Int32Object","Value":526},"AttributeId":27},{"$id":"4","AttributeValue":{"$type":"Akta.Json.StringObject","Value":"L2.1:Aktavara"},"AttributeId":29},{"$id":"5","AttributeValue":{"$type":"Akta.Json.StringObject","Value":"Aktavara"},"AttributeId":30},{"$id":"6","AttributeValue":{"$type":"Akta.Json.StringObject","Value":"NE1-NE2:L2001"},"AttributeId":31},{"$id":"7","AttributeValue":{"$type":"Akta.Json.StringObject","Value":"NONE"},"AttributeId":57},{"$id":"8","AttributeValue":{"$type":"Akta.Json.Int32Object","Value":5},"AttributeId":-987654}]},"StageId":-1,"TypeKind":"Path","TypeId":7,"RecordId":526,"LastChangedDate":"0001-01-01T00:00:00.0000000","RemoteRecords":null}]},"BulkSave":false}]}
info: Aktavara.WorkflowIntelligence.Core.Services.AktaJsonExtractor[0]
      Extracted 1 records from JSON
info: Aktavara.WorkflowIntelligence.Core.Services.ActivityEventNormalizer[0]
      Save records: extracted 1 records from Json payload
info: Aktavara.WorkflowIntelligence.Core.Services.ActivityEventNormalizer[0]
      Processing saved record: RecordId=526, TypeKind=Path, TypeId=7, RecordState=Modified
info: Aktavara.WorkflowIntelligence.Core.Services.ActivityEventNormalizer[0]
      Mapped TypeKind=Path to RecordKind=Path
info: Aktavara.WorkflowIntelligence.Core.Services.AktaJsonExtractor[0]
      Extracted 1 records from JSON
info: Aktavara.WorkflowIntelligence.Core.Services.AktaJsonExtractor[0]
      Extracted 1 records from JSON
info: Aktavara.WorkflowIntelligence.Core.Services.AktaJsonExtractor[0]
      Extracted 1 records from JSON
info: Aktavara.WorkflowIntelligence.Core.Services.AktaJsonExtractor[0]
      Extracted 1 records from JSON
info: Aktavara.WorkflowIntelligence.Core.Services.AktaJsonExtractor[0]
      Extracted 1 records from JSON
info: Aktavara.WorkflowIntelligence.Core.Services.AktaJsonExtractor[0]
      Extracted 1 records from JSON
info: Aktavara.WorkflowIntelligence.Core.Services.AktaJsonExtractor[0]
      Extracted path workspace: 0 nodes, 0 connectors, 0 edges
info: Aktavara.WorkflowIntelligence.Core.Services.AktaJsonExtractor[0]
      Extracted path workspace: 4 nodes, 3 connectors, 0 edges
info: Aktavara.WorkflowIntelligence.Core.Services.ActivityEventNormalizer[0]
      Save records payload (Json): Full payload length: 5490 chars
info: Aktavara.WorkflowIntelligence.Core.Services.ActivityEventNormalizer[0]
      Save payload preview (first 500 chars): {"$list":"System.Object[]","$data":[{"$id":"1","$type":"Akta.WebAPI.Model.PathComposer.SavePathWsDataRequest","PathWsData":{"$id":"2","Path":{"$id":"3","EndKey1":0,"EndKey2":2,"TagTypeId":14,"Elements":{"$list":"System.Collections.Generic.List\u003CAkta.Bec.Model.Record.AktaEdgeElement\u003E","$data":[{"$id":"4","StartVertex":{"$id":"5","ParentLevel":2,"Record":{"$id":"6","$type":"Akta.Bec.Model.Record.AktaRecord","RecordState":"Unchanged","Properties":{"$list":"System.Collections.Generic.List\u
info: Aktavara.WorkflowIntelligence.Core.Services.AktaJsonExtractor[0]
      Extracted 5 records from JSON
info: Aktavara.WorkflowIntelligence.Core.Services.ActivityEventNormalizer[0]
      Save records: extracted 5 records from Json payload
info: Aktavara.WorkflowIntelligence.Core.Services.ActivityEventNormalizer[0]
      Processing saved record: RecordId=528, TypeKind=Path, TypeId=13, RecordState=Unchanged
info: Aktavara.WorkflowIntelligence.Core.Services.ActivityEventNormalizer[0]
      Mapped TypeKind=Path to RecordKind=Path
info: Aktavara.WorkflowIntelligence.Core.Services.ActivityEventNormalizer[0]
      Processing saved record: RecordId=4120, TypeKind=Node, TypeId=4, RecordState=Unchanged
info: Aktavara.WorkflowIntelligence.Core.Services.ActivityEventNormalizer[0]
      Mapped TypeKind=Node to RecordKind=Node
info: Aktavara.WorkflowIntelligence.Core.Services.ActivityEventNormalizer[0]
      Processing saved record: RecordId=4107, TypeKind=Node, TypeId=4, RecordState=Unchanged
info: Aktavara.WorkflowIntelligence.Core.Services.ActivityEventNormalizer[0]
      Mapped TypeKind=Node to RecordKind=Node
info: Aktavara.WorkflowIntelligence.Core.Services.ActivityEventNormalizer[0]
      Processing saved record: RecordId=526, TypeKind=Path, TypeId=7, RecordState=Unchanged
info: Aktavara.WorkflowIntelligence.Core.Services.ActivityEventNormalizer[0]
      Mapped TypeKind=Path to RecordKind=Path
info: Aktavara.WorkflowIntelligence.Core.Services.ActivityEventNormalizer[0]
      Processing saved record: RecordId=-11, TypeKind=Tag, TypeId=14, RecordState=Added
info: Aktavara.WorkflowIntelligence.Core.Services.ActivityEventNormalizer[0]
      Mapped TypeKind=Tag to RecordKind=Other
info: Aktavara.WorkflowIntelligence.Core.Services.AktaJsonExtractor[0]
      Extracted path workspace: 0 nodes, 0 connectors, 0 edges
info: Aktavara.WorkflowIntelligence.Core.Services.AktaJsonExtractor[0]
      Extracted path workspace: 2 nodes, 1 connectors, 0 edges
info: Aktavara.WorkflowIntelligence.Core.Services.AktaJsonExtractor[0]
      Extracted path workspace: 0 nodes, 0 connectors, 0 edges
info: Aktavara.WorkflowIntelligence.Core.Services.AktaJsonExtractor[0]
      Extracted path workspace: 0 nodes, 0 connectors, 0 edges
info: Aktavara.WorkflowIntelligence.Core.Services.ActivityEventNormalizer[0]
      Save records payload (Json): Full payload length: 19943 chars
info: Aktavara.WorkflowIntelligence.Core.Services.ActivityEventNormalizer[0]
      Save payload preview (first 500 chars): {"$list":"System.Object[]","$data":[{"$id":"1","$type":"Akta.WebAPI.Model.DiagramComposer.SaveWsDiagramRequest","DiagramWsData":{"$id":"2","Diagram":{"$id":"3","Entities":{"$list":"System.Collections.Generic.List\u003CAkta.Bec.Model.Record.AktaDiagramEntity\u003E","$data":[{"$id":"4","$type":"Akta.Bec.Model.Record.AktaDiagramInternalEntity","Record":{"$id":"5","RecordState":"Unchanged","Properties":{"$list":"System.Collections.Generic.List\u003CAkta.Bec.Model.Record.RecordProperty\u003E","$data"
info: Aktavara.WorkflowIntelligence.Core.Services.AktaJsonExtractor[0]
      Extracted 16 records from JSON
info: Aktavara.WorkflowIntelligence.Core.Services.ActivityEventNormalizer[0]
      Save records: extracted 16 records from Json payload
info: Aktavara.WorkflowIntelligence.Core.Services.ActivityEventNormalizer[0]
      Processing saved record: RecordId=2, TypeKind=Diagram, TypeId=110, RecordState=Unchanged
info: Aktavara.WorkflowIntelligence.Core.Services.ActivityEventNormalizer[0]
      Mapped TypeKind=Diagram to RecordKind=Other
info: Aktavara.WorkflowIntelligence.Core.Services.ActivityEventNormalizer[0]
      Processing saved record: RecordId=4055, TypeKind=Node, TypeId=2, RecordState=Unchanged
info: Aktavara.WorkflowIntelligence.Core.Services.ActivityEventNormalizer[0]
      Mapped TypeKind=Node to RecordKind=Node
info: Aktavara.WorkflowIntelligence.Core.Services.ActivityEventNormalizer[0]
      Processing saved record: RecordId=4056, TypeKind=Node, TypeId=2, RecordState=Unchanged
info: Aktavara.WorkflowIntelligence.Core.Services.ActivityEventNormalizer[0]
      Mapped TypeKind=Node to RecordKind=Node
info: Aktavara.WorkflowIntelligence.Core.Services.ActivityEventNormalizer[0]
      Processing saved record: RecordId=4057, TypeKind=Node, TypeId=2, RecordState=Unchanged
info: Aktavara.WorkflowIntelligence.Core.Services.ActivityEventNormalizer[0]
      Mapped TypeKind=Node to RecordKind=Node
info: Aktavara.WorkflowIntelligence.Core.Services.ActivityEventNormalizer[0]
      Processing saved record: RecordId=4058, TypeKind=Node, TypeId=2, RecordState=Unchanged
info: Aktavara.WorkflowIntelligence.Core.Services.ActivityEventNormalizer[0]
      Mapped TypeKind=Node to RecordKind=Node
info: Aktavara.WorkflowIntelligence.Core.Services.ActivityEventNormalizer[0]
      Processing saved record: RecordId=4059, TypeKind=Node, TypeId=2, RecordState=Unchanged
info: Aktavara.WorkflowIntelligence.Core.Services.ActivityEventNormalizer[0]
      Mapped TypeKind=Node to RecordKind=Node
info: Aktavara.WorkflowIntelligence.Core.Services.ActivityEventNormalizer[0]
      Processing saved record: RecordId=6784, TypeKind=Node, TypeId=2, RecordState=Unchanged
info: Aktavara.WorkflowIntelligence.Core.Services.ActivityEventNormalizer[0]
      Mapped TypeKind=Node to RecordKind=Node
info: Aktavara.WorkflowIntelligence.Core.Services.ActivityEventNormalizer[0]
      Processing saved record: RecordId=1, TypeKind=Node, TypeId=1, RecordState=Unchanged
info: Aktavara.WorkflowIntelligence.Core.Services.ActivityEventNormalizer[0]
      Mapped TypeKind=Node to RecordKind=Node
info: Aktavara.WorkflowIntelligence.Core.Services.ActivityEventNormalizer[0]
      Processing saved record: RecordId=6787, TypeKind=Node, TypeId=2, RecordState=Unchanged
info: Aktavara.WorkflowIntelligence.Core.Services.ActivityEventNormalizer[0]
      Mapped TypeKind=Node to RecordKind=Node
info: Aktavara.WorkflowIntelligence.Core.Services.ActivityEventNormalizer[0]
      Processing saved record: RecordId=657, TypeKind=Path, TypeId=132, RecordState=Unchanged
info: Aktavara.WorkflowIntelligence.Core.Services.ActivityEventNormalizer[0]
      Mapped TypeKind=Path to RecordKind=Path
info: Aktavara.WorkflowIntelligence.Core.Services.ActivityEventNormalizer[0]
      Processing saved record: RecordId=637, TypeKind=Path, TypeId=132, RecordState=Unchanged
info: Aktavara.WorkflowIntelligence.Core.Services.ActivityEventNormalizer[0]
      Mapped TypeKind=Path to RecordKind=Path
info: Aktavara.WorkflowIntelligence.Core.Services.ActivityEventNormalizer[0]
      Processing saved record: RecordId=658, TypeKind=Path, TypeId=132, RecordState=Unchanged
info: Aktavara.WorkflowIntelligence.Core.Services.ActivityEventNormalizer[0]
      Mapped TypeKind=Path to RecordKind=Path
info: Aktavara.WorkflowIntelligence.Core.Services.ActivityEventNormalizer[0]
      Processing saved record: RecordId=659, TypeKind=Path, TypeId=132, RecordState=Unchanged
info: Aktavara.WorkflowIntelligence.Core.Services.ActivityEventNormalizer[0]
      Mapped TypeKind=Path to RecordKind=Path
info: Aktavara.WorkflowIntelligence.Core.Services.ActivityEventNormalizer[0]
      Processing saved record: RecordId=0, TypeKind=None, TypeId=0, RecordState=Unchanged
info: Aktavara.WorkflowIntelligence.Core.Services.ActivityEventNormalizer[0]
      Mapped TypeKind=None to RecordKind=Other
info: Aktavara.WorkflowIntelligence.Core.Services.ActivityEventNormalizer[0]
      Processing saved record: RecordId=0, TypeKind=None, TypeId=0, RecordState=Unchanged
info: Aktavara.WorkflowIntelligence.Core.Services.ActivityEventNormalizer[0]
      Mapped TypeKind=None to RecordKind=Other
info: Aktavara.WorkflowIntelligence.Core.Services.ActivityEventNormalizer[0]
      Processing saved record: RecordId=1, TypeKind=Node, TypeId=1, RecordState=Added
info: Aktavara.WorkflowIntelligence.Core.Services.ActivityEventNormalizer[0]
      Mapped TypeKind=Node to RecordKind=Node
info: Aktavara.WorkflowIntelligence.Core.Services.AktaJsonExtractor[0]
      Extracted path workspace: 0 nodes, 0 connectors, 0 edges
info: Aktavara.WorkflowIntelligence.Core.Services.AktaJsonExtractor[0]
      Extracted path workspace: 0 nodes, 0 connectors, 0 edges
info: Aktavara.WorkflowIntelligence.Core.Services.AktaJsonExtractor[0]
      Extracted path workspace: 0 nodes, 0 connectors, 0 edges
info: Aktavara.WorkflowIntelligence.Core.Services.AktaJsonExtractor[0]
      Extracted path workspace: 2 nodes, 1 connectors, 0 edges
info: Aktavara.WorkflowIntelligence.Core.Services.AktaJsonExtractor[0]
      Extracted 1 records from JSON
info: Aktavara.WorkflowIntelligence.Core.Services.AktaJsonExtractor[0]
      Extracted 1 records from JSON
info: Aktavara.WorkflowIntelligence.Core.Services.AktaJsonExtractor[0]
      Extracted 1 records from JSON
info: Aktavara.WorkflowIntelligence.Core.Services.ActivityEventNormalizer[0]
      Save records payload (Json): Full payload length: 5155 chars
info: Aktavara.WorkflowIntelligence.Core.Services.ActivityEventNormalizer[0]
      Save payload preview (first 500 chars): {"$list":"System.Object[]","$data":[{"$id":"1","$type":"Akta.WebAPI.Model.PathComposer.SavePathWsDataRequest","PathWsData":{"$id":"2","Path":{"$id":"3","EndKey1":0,"EndKey2":2,"TagTypeId":10,"Elements":{"$list":"System.Collections.Generic.List\u003CAkta.Bec.Model.Record.AktaEdgeElement\u003E","$data":[{"$id":"4","StartVertex":{"$id":"5","ParentLevel":2,"Record":{"$id":"6","$type":"Akta.Bec.Model.Record.AktaRecord","RecordState":"Unchanged","Properties":{"$list":"System.Collections.Generic.List\u
info: Aktavara.WorkflowIntelligence.Core.Services.AktaJsonExtractor[0]
      Extracted 5 records from JSON
info: Aktavara.WorkflowIntelligence.Core.Services.ActivityEventNormalizer[0]
      Save records: extracted 5 records from Json payload
info: Aktavara.WorkflowIntelligence.Core.Services.ActivityEventNormalizer[0]
      Processing saved record: RecordId=-11, TypeKind=Path, TypeId=7, RecordState=Added
info: Aktavara.WorkflowIntelligence.Core.Services.ActivityEventNormalizer[0]
      Mapped TypeKind=Path to RecordKind=Path
info: Aktavara.WorkflowIntelligence.Core.Services.ActivityEventNormalizer[0]
      Processing saved record: RecordId=4083, TypeKind=Node, TypeId=4, RecordState=Unchanged
info: Aktavara.WorkflowIntelligence.Core.Services.ActivityEventNormalizer[0]
      Mapped TypeKind=Node to RecordKind=Node
info: Aktavara.WorkflowIntelligence.Core.Services.ActivityEventNormalizer[0]
      Processing saved record: RecordId=4077, TypeKind=Node, TypeId=4, RecordState=Unchanged
info: Aktavara.WorkflowIntelligence.Core.Services.ActivityEventNormalizer[0]
      Mapped TypeKind=Node to RecordKind=Node
info: Aktavara.WorkflowIntelligence.Core.Services.ActivityEventNormalizer[0]
      Processing saved record: RecordId=525, TypeKind=Path, TypeId=7, RecordState=Unchanged
info: Aktavara.WorkflowIntelligence.Core.Services.ActivityEventNormalizer[0]
      Mapped TypeKind=Path to RecordKind=Path
info: Aktavara.WorkflowIntelligence.Core.Services.ActivityEventNormalizer[0]
      Processing saved record: RecordId=-12, TypeKind=Tag, TypeId=10, RecordState=Added
info: Aktavara.WorkflowIntelligence.Core.Services.ActivityEventNormalizer[0]
      Mapped TypeKind=Tag to RecordKind=Other
info: Aktavara.WorkflowIntelligence.Core.Services.AktaJsonExtractor[0]
      Extracted path workspace: 0 nodes, 0 connectors, 0 edges
info: Aktavara.WorkflowIntelligence.Core.Services.AktaJsonExtractor[0]
      Extracted path workspace: 2 nodes, 1 connectors, 0 edges
info: Aktavara.WorkflowIntelligence.Core.Services.ActivityEventNormalizer[0]
      Save records payload (Json): Full payload length: 967 chars
info: Aktavara.WorkflowIntelligence.Core.Services.ActivityEventNormalizer[0]
      Full Save payload: {"$list":"System.Object[]","$data":[{"$id":"1","$type":"Akta.WebAPI.Model.AttributeAccessor.WriteByTransactionModeRequest","Records":{"$list":"System.Collections.Generic.List\u003CAkta.Bec.Model.Record.AktaRecord\u003E","$data":[{"$id":"2","RecordState":"Modified","Properties":{"$list":"System.Collections.Generic.List\u003CAkta.Bec.Model.Record.RecordProperty\u003E","$data":[{"$id":"3","AttributeValue":{"$type":"Akta.Json.Int32Object","Value":660},"AttributeId":27},{"$id":"4","AttributeValue":{"$type":"Akta.Json.StringObject","Value":"james 1"},"AttributeId":29},{"$id":"5","AttributeValue":null,"AttributeId":30},{"$id":"6","AttributeValue":null,"AttributeId":31},{"$id":"7","AttributeValue":null,"AttributeId":57},{"$id":"8","AttributeValue":{"$type":"Akta.Json.Int32Object","Value":4},"AttributeId":-987654}]},"StageId":-1,"TypeKind":"Path","TypeId":7,"RecordId":660,"LastChangedDate":"0001-01-01T00:00:00.0000000","RemoteRecords":null}]},"BulkSave":false}]}
info: Aktavara.WorkflowIntelligence.Core.Services.AktaJsonExtractor[0]
      Extracted 1 records from JSON
info: Aktavara.WorkflowIntelligence.Core.Services.ActivityEventNormalizer[0]
      Save records: extracted 1 records from Json payload
info: Aktavara.WorkflowIntelligence.Core.Services.ActivityEventNormalizer[0]
      Processing saved record: RecordId=660, TypeKind=Path, TypeId=7, RecordState=Modified
info: Aktavara.WorkflowIntelligence.Core.Services.ActivityEventNormalizer[0]
      Mapped TypeKind=Path to RecordKind=Path
info: Aktavara.WorkflowIntelligence.Core.Services.AktaJsonExtractor[0]
      Extracted path workspace: 0 nodes, 0 connectors, 0 edges
info: Aktavara.WorkflowIntelligence.Core.Services.AktaJsonExtractor[0]
      Extracted path workspace: 0 nodes, 0 connectors, 0 edges
info: Aktavara.WorkflowIntelligence.Core.Services.AktaJsonExtractor[0]
      Extracted path workspace: 0 nodes, 0 connectors, 0 edges
info: Aktavara.WorkflowIntelligence.Core.Services.AktaJsonExtractor[0]
      Extracted path workspace: 3 nodes, 2 connectors, 0 edges
info: Aktavara.WorkflowIntelligence.Core.Services.AktaJsonExtractor[0]
      Extracted 1 records from JSON
info: Aktavara.WorkflowIntelligence.Core.Services.AktaJsonExtractor[0]
      Extracted 1 records from JSON
info: Aktavara.WorkflowIntelligence.Core.Services.AktaJsonExtractor[0]
      Extracted 1 records from JSON
info: Aktavara.WorkflowIntelligence.Core.Services.AktaJsonExtractor[0]
      Extracted 1 records from JSON
info: Aktavara.WorkflowIntelligence.Core.Services.AktaJsonExtractor[0]
      Extracted 1 records from JSON
info: Aktavara.WorkflowIntelligence.Core.Services.AktaJsonExtractor[0]
      Extracted 1 records from JSON
info: Aktavara.WorkflowIntelligence.Core.Services.AktaJsonExtractor[0]
      Extracted 1 records from JSON
info: Aktavara.WorkflowIntelligence.Core.Services.AktaJsonExtractor[0]
      Extracted 1 records from JSON
info: Aktavara.WorkflowIntelligence.Core.Services.AktaJsonExtractor[0]
      Extracted 1 records from JSON
info: Aktavara.WorkflowIntelligence.Core.Services.AktaJsonExtractor[0]
      Extracted 1 records from JSON
info: Aktavara.WorkflowIntelligence.Core.Services.AktaJsonExtractor[0]
      Extracted 1 records from JSON
info: Aktavara.WorkflowIntelligence.Core.Services.AktaJsonExtractor[0]
      Extracted 1 records from JSON
info: Aktavara.WorkflowIntelligence.Core.Services.AktaJsonExtractor[0]
      Extracted 1 records from JSON
info: Aktavara.WorkflowIntelligence.Core.Services.AktaJsonExtractor[0]
      Extracted 1 records from JSON
info: Aktavara.WorkflowIntelligence.Core.Services.AktaJsonExtractor[0]
      Extracted 1 records from JSON
info: Aktavara.WorkflowIntelligence.Core.Services.ActivityEventNormalizer[0]
      Save records payload (Json): Full payload length: 6650 chars
info: Aktavara.WorkflowIntelligence.Core.Services.ActivityEventNormalizer[0]
      Save payload preview (first 500 chars): {"$list":"System.Object[]","$data":[{"$id":"1","$type":"Akta.WebAPI.Model.PathComposer.SavePathWsDataRequest","PathWsData":{"$id":"2","Path":{"$id":"3","EndKey1":0,"EndKey2":4,"TagTypeId":10,"Elements":{"$list":"System.Collections.Generic.List\u003CAkta.Bec.Model.Record.AktaEdgeElement\u003E","$data":[{"$id":"4","StartVertex":{"$id":"5","ParentLevel":2,"Record":{"$id":"6","$type":"Akta.Bec.Model.Record.AktaRecord","RecordState":"Unchanged","Properties":{"$list":"System.Collections.Generic.List\u
info: Aktavara.WorkflowIntelligence.Core.Services.AktaJsonExtractor[0]
      Extracted 7 records from JSON
info: Aktavara.WorkflowIntelligence.Core.Services.ActivityEventNormalizer[0]
      Save records: extracted 7 records from Json payload
info: Aktavara.WorkflowIntelligence.Core.Services.ActivityEventNormalizer[0]
      Processing saved record: RecordId=-13, TypeKind=Path, TypeId=7, RecordState=Added
info: Aktavara.WorkflowIntelligence.Core.Services.ActivityEventNormalizer[0]
      Mapped TypeKind=Path to RecordKind=Path
info: Aktavara.WorkflowIntelligence.Core.Services.ActivityEventNormalizer[0]
      Processing saved record: RecordId=4117, TypeKind=Node, TypeId=4, RecordState=Unchanged
info: Aktavara.WorkflowIntelligence.Core.Services.ActivityEventNormalizer[0]
      Mapped TypeKind=Node to RecordKind=Node
info: Aktavara.WorkflowIntelligence.Core.Services.ActivityEventNormalizer[0]
      Processing saved record: RecordId=4118, TypeKind=Node, TypeId=4, RecordState=Unchanged
info: Aktavara.WorkflowIntelligence.Core.Services.ActivityEventNormalizer[0]
      Mapped TypeKind=Node to RecordKind=Node
info: Aktavara.WorkflowIntelligence.Core.Services.ActivityEventNormalizer[0]
      Processing saved record: RecordId=806, TypeKind=Connector, TypeId=41, RecordState=Unchanged
info: Aktavara.WorkflowIntelligence.Core.Services.ActivityEventNormalizer[0]
      Mapped TypeKind=Connector to RecordKind=Connector
info: Aktavara.WorkflowIntelligence.Core.Services.ActivityEventNormalizer[0]
      Processing saved record: RecordId=4104, TypeKind=Node, TypeId=4, RecordState=Unchanged
info: Aktavara.WorkflowIntelligence.Core.Services.ActivityEventNormalizer[0]
      Mapped TypeKind=Node to RecordKind=Node
info: Aktavara.WorkflowIntelligence.Core.Services.ActivityEventNormalizer[0]
      Processing saved record: RecordId=518, TypeKind=Path, TypeId=6, RecordState=Unchanged
info: Aktavara.WorkflowIntelligence.Core.Services.ActivityEventNormalizer[0]
      Mapped TypeKind=Path to RecordKind=Path
info: Aktavara.WorkflowIntelligence.Core.Services.ActivityEventNormalizer[0]
      Processing saved record: RecordId=-14, TypeKind=Tag, TypeId=10, RecordState=Added
info: Aktavara.WorkflowIntelligence.Core.Services.ActivityEventNormalizer[0]
      Mapped TypeKind=Tag to RecordKind=Other
info: Aktavara.WorkflowIntelligence.Core.Services.AktaJsonExtractor[0]
      Extracted path workspace: 0 nodes, 0 connectors, 0 edges
info: Aktavara.WorkflowIntelligence.Core.Services.AktaJsonExtractor[0]
      Extracted path workspace: 3 nodes, 2 connectors, 0 edges
info: Aktavara.WorkflowIntelligence.Core.Services.ActivityEventNormalizer[0]
      Save records payload (Json): Full payload length: 969 chars
info: Aktavara.WorkflowIntelligence.Core.Services.ActivityEventNormalizer[0]
      Full Save payload: {"$list":"System.Object[]","$data":[{"$id":"1","$type":"Akta.WebAPI.Model.AttributeAccessor.WriteByTransactionModeRequest","Records":{"$list":"System.Collections.Generic.List\u003CAkta.Bec.Model.Record.AktaRecord\u003E","$data":[{"$id":"2","RecordState":"Modified","Properties":{"$list":"System.Collections.Generic.List\u003CAkta.Bec.Model.Record.RecordProperty\u003E","$data":[{"$id":"3","AttributeValue":{"$type":"Akta.Json.Int32Object","Value":661},"AttributeId":27},{"$id":"4","AttributeValue":{"$type":"Akta.Json.StringObject","Value":"james 223"},"AttributeId":29},{"$id":"5","AttributeValue":null,"AttributeId":30},{"$id":"6","AttributeValue":null,"AttributeId":31},{"$id":"7","AttributeValue":null,"AttributeId":57},{"$id":"8","AttributeValue":{"$type":"Akta.Json.Int32Object","Value":4},"AttributeId":-987654}]},"StageId":-1,"TypeKind":"Path","TypeId":7,"RecordId":661,"LastChangedDate":"0001-01-01T00:00:00.0000000","RemoteRecords":null}]},"BulkSave":false}]}
info: Aktavara.WorkflowIntelligence.Core.Services.AktaJsonExtractor[0]
      Extracted 1 records from JSON
info: Aktavara.WorkflowIntelligence.Core.Services.ActivityEventNormalizer[0]
      Save records: extracted 1 records from Json payload
info: Aktavara.WorkflowIntelligence.Core.Services.ActivityEventNormalizer[0]
      Processing saved record: RecordId=661, TypeKind=Path, TypeId=7, RecordState=Modified
info: Aktavara.WorkflowIntelligence.Core.Services.ActivityEventNormalizer[0]
      Mapped TypeKind=Path to RecordKind=Path
info: Aktavara.WorkflowIntelligence.Core.Services.ActivityEventNormalizer[0]
      Save records payload (Json): Full payload length: 1014 chars
info: Aktavara.WorkflowIntelligence.Core.Services.ActivityEventNormalizer[0]
      Full Save payload: {"$list":"System.Object[]","$data":[{"$id":"1","$type":"Akta.WebAPI.Model.AttributeAccessor.WriteByTransactionModeRequest","Records":{"$list":"System.Collections.Generic.List\u003CAkta.Bec.Model.Record.AktaRecord\u003E","$data":[{"$id":"2","RecordState":"Modified","Properties":{"$list":"System.Collections.Generic.List\u003CAkta.Bec.Model.Record.RecordProperty\u003E","$data":[{"$id":"3","AttributeValue":{"$type":"Akta.Json.Int32Object","Value":661},"AttributeId":27},{"$id":"4","AttributeValue":{"$type":"Akta.Json.StringObject","Value":"james 223"},"AttributeId":29},{"$id":"5","AttributeValue":null,"AttributeId":30},{"$id":"6","AttributeValue":null,"AttributeId":31},{"$id":"7","AttributeValue":{"$type":"Akta.Json.StringObject","Value":"FULL"},"AttributeId":57},{"$id":"8","AttributeValue":{"$type":"Akta.Json.Int32Object","Value":4},"AttributeId":-987654}]},"StageId":-1,"TypeKind":"Path","TypeId":7,"RecordId":661,"LastChangedDate":"0001-01-01T00:00:00.0000000","RemoteRecords":null}]},"BulkSave":false}]}
info: Aktavara.WorkflowIntelligence.Core.Services.AktaJsonExtractor[0]
      Extracted 1 records from JSON
info: Aktavara.WorkflowIntelligence.Core.Services.ActivityEventNormalizer[0]
      Save records: extracted 1 records from Json payload
info: Aktavara.WorkflowIntelligence.Core.Services.ActivityEventNormalizer[0]
      Processing saved record: RecordId=661, TypeKind=Path, TypeId=7, RecordState=Modified
info: Aktavara.WorkflowIntelligence.Core.Services.ActivityEventNormalizer[0]
      Mapped TypeKind=Path to RecordKind=Path
info: Aktavara.WorkflowIntelligence.Core.Services.ActivityEventNormalizer[0]
      Normalized to 196 activity events
info: Program[0]
      [Upload] Normalized to 196 activity events
info: Program[0]
      [Upload] Building activity context
info: Aktavara.WorkflowIntelligence.Core.Services.ActivityContextBuilder[0]
      Built context for (null): no activity
info: Program[0]
      [Upload] Matching workflows
info: Aktavara.WorkflowIntelligence.Core.Services.FileWorkflowLibrary[0]
      Loading 2 workflow files from ../workflows/
info: Aktavara.WorkflowIntelligence.Core.Services.FileWorkflowLibrary[0]
      Read workflow file ../workflows/add-connector-to-path.workflow.json: 5176 bytes. Preview: {
  "workflowId": "add-connector-to-path",
  "name": "Add connector to path",
  "description": "User opens a path, selects two nodes to connect, creates a new connector between them, configures connec
info: Aktavara.WorkflowIntelligence.Core.Services.FileWorkflowLibrary[0]
      Workflow parsed: WorkflowId=add-connector-to-path, Name=Add connector to path, Rules=4, Validation Errors=0
info: Aktavara.WorkflowIntelligence.Core.Services.FileWorkflowLibrary[0]
      Loaded workflow: add-connector-to-path
info: Aktavara.WorkflowIntelligence.Core.Services.FileWorkflowLibrary[0]
      Read workflow file ../workflows/update-node-in-path.workflow.json: 3645 bytes. Preview: {
  "workflowId": "update-node-in-path",
  "name": "Update node in path",
  "description": "User searches for a specific path, opens it, finds and selects a node, modifies its properties, and saves th
info: Aktavara.WorkflowIntelligence.Core.Services.FileWorkflowLibrary[0]
      Workflow parsed: WorkflowId=update-node-in-path, Name=Update node in path, Rules=4, Validation Errors=0
info: Aktavara.WorkflowIntelligence.Core.Services.FileWorkflowLibrary[0]
      Loaded workflow: update-node-in-path
info: Aktavara.WorkflowIntelligence.Core.Services.FileWorkflowLibrary[0]
      Workflow library loaded: 2 valid workflows
info: Program[0]
      [Upload] Found 2 workflow matches
info: Program[0]
      [Upload] Generating assistant context packet
info: Aktavara.WorkflowIntelligence.Core.Services.FileHelpGuideStore[0]
      Found 29 help guide markdown files
info: Aktavara.WorkflowIntelligence.Core.Services.FileHelpGuideStore[0]
      Loaded 29 help guides
info: Aktavara.WorkflowIntelligence.Core.Services.AssistantContextPacketGenerator[0]
      Generated context packet for (null): 2 matches, guidance=NoGuidance, state=inactive
info: Program[0]
      [Upload] Analysis complete, returning response
